[debug] [2024-06-15T03:42:21.512Z] ----------------------------------------------------------------------
[debug] [2024-06-15T03:42:21.515Z] Command:       C:\Program Files\nodejs\node.exe C:\Users\temee\AppData\Roaming\npm\node_modules\firebase-tools\lib\bin\firebase.js functions:shell
[debug] [2024-06-15T03:42:21.515Z] CLI Version:   13.10.2
[debug] [2024-06-15T03:42:21.515Z] Platform:      win32
[debug] [2024-06-15T03:42:21.516Z] Node Version:  v20.11.1
[debug] [2024-06-15T03:42:21.516Z] Time:          Fri Jun 14 2024 23:42:21 GMT-0400 (Eastern Daylight Time)
[debug] [2024-06-15T03:42:21.516Z] ----------------------------------------------------------------------
[debug] 
[debug] [2024-06-15T03:42:21.640Z] > command requires scopes: ["email","openid","https://www.googleapis.com/auth/cloudplatformprojects.readonly","https://www.googleapis.com/auth/firebase","https://www.googleapis.com/auth/cloud-platform"]
[debug] [2024-06-15T03:42:21.641Z] > authorizing via signed-in user (temesgenandsow064@gmail.com)
[debug] [2024-06-15T03:42:21.642Z] [iam] checking project clone-201bf for permissions ["firebase.projects.get"]
[debug] [2024-06-15T03:42:21.643Z] > refreshing access token with scopes: []
[debug] [2024-06-15T03:42:21.646Z] >>> [apiv2][query] POST https://www.googleapis.com/oauth2/v3/token [none]
[debug] [2024-06-15T03:42:21.646Z] >>> [apiv2][body] POST https://www.googleapis.com/oauth2/v3/token [omitted]
[debug] [2024-06-15T03:42:22.163Z] <<< [apiv2][status] POST https://www.googleapis.com/oauth2/v3/token 200
[debug] [2024-06-15T03:42:22.164Z] <<< [apiv2][body] POST https://www.googleapis.com/oauth2/v3/token [omitted]
[debug] [2024-06-15T03:42:22.173Z] >>> [apiv2][query] POST https://cloudresourcemanager.googleapis.com/v1/projects/clone-201bf:testIamPermissions [none]
[debug] [2024-06-15T03:42:22.174Z] >>> [apiv2][(partial)header] POST https://cloudresourcemanager.googleapis.com/v1/projects/clone-201bf:testIamPermissions x-goog-quota-user=projects/clone-201bf
[debug] [2024-06-15T03:42:22.174Z] >>> [apiv2][body] POST https://cloudresourcemanager.googleapis.com/v1/projects/clone-201bf:testIamPermissions {"permissions":["firebase.projects.get"]}
[debug] [2024-06-15T03:42:22.455Z] <<< [apiv2][status] POST https://cloudresourcemanager.googleapis.com/v1/projects/clone-201bf:testIamPermissions 200
[debug] [2024-06-15T03:42:22.455Z] <<< [apiv2][body] POST https://cloudresourcemanager.googleapis.com/v1/projects/clone-201bf:testIamPermissions {"permissions":["firebase.projects.get"]}
[debug] [2024-06-15T03:42:22.470Z] [functions] Functions Emulator only supports listening on one address (127.0.0.1). Not listening on ::1
[debug] [2024-06-15T03:42:22.473Z] defaultcredentials: writing to file C:\Users\temee\AppData\Roaming\firebase\temesgenandsow064_gmail_com_application_default_credentials.json
[debug] [2024-06-15T03:42:22.476Z] DEBUG: Setting GAC to C:\Users\temee\AppData\Roaming\firebase\temesgenandsow064_gmail_com_application_default_credentials.json
[debug] [2024-06-15T03:42:22.477Z] >>> [apiv2][query] GET https://firebase.googleapis.com/v1beta1/projects/clone-201bf/adminSdkConfig [none]
[debug] [2024-06-15T03:42:22.967Z] <<< [apiv2][status] GET https://firebase.googleapis.com/v1beta1/projects/clone-201bf/adminSdkConfig 200
[debug] [2024-06-15T03:42:22.967Z] <<< [apiv2][body] GET https://firebase.googleapis.com/v1beta1/projects/clone-201bf/adminSdkConfig {"projectId":"clone-201bf","storageBucket":"clone-201bf.appspot.com"}
[debug] [2024-06-15T03:42:22.984Z] [functions] Watching "C:\Users\temee\OneDrive\Desktop\evangadi\phase4\Amazon-2024-Back-end\functions" for Cloud Functions...
[debug] [2024-06-15T03:42:22.991Z] Validating nodejs source
[warn] !  functions: package.json indicates an outdated version of firebase-functions. Please upgrade using npm install --save firebase-functions@latest in your functions directory. 
[warn] !  functions: Please note that there will be breaking changes when you upgrade. 
[debug] [2024-06-15T03:42:25.082Z] > [functions] package.json contents: {
  "name": "functions",
  "description": "Cloud Functions for Firebase",
  "scripts": {
    "serve": "firebase emulators:start --only functions",
    "shell": "firebase functions:shell",
    "start": "npm run shell",
    "deploy": "firebase deploy --only functions",
    "logs": "firebase functions:log"
  },
  "engines": {
    "node": "18"
  },
  "main": "index.js",
  "dependencies": {
    "cors": "^2.8.5",
    "dotenv": "^16.4.2",
    "express": "^4.18.2",
    "firebase-admin": "^12.1.1",
    "firebase-functions": "^4.3.1",
    "stripe": "^14.16.0"
  },
  "devDependencies": {
    "firebase-functions-test": "^3.1.0"
  },
  "private": true
}
[debug] [2024-06-15T03:42:25.082Z] Building nodejs source
[debug] [2024-06-15T03:42:25.083Z] Failed to find version of module node: reached end of search path C:\Users\temee\OneDrive\Desktop\evangadi\phase4\Amazon-2024-Back-end\functions\node_modules
[warn] !  functions: Your requested "node" version "18" doesn't match your global version "20". Using node@20 from host. 
[info] i  functions: Loaded environment variables from .env. 
[debug] [2024-06-15T03:42:25.090Z] Could not find functions.yaml. Must use http discovery
[debug] [2024-06-15T03:42:25.106Z] Found firebase-functions binary at 'C:\Users\temee\OneDrive\Desktop\evangadi\phase4\Amazon-2024-Back-end\functions\node_modules\.bin\firebase-functions'
[info] Serving at port 8441

[debug] [2024-06-15T03:42:26.423Z] Got response from /__/functions.yaml {"endpoints":{"api":{"availableMemoryMb":null,"timeoutSeconds":null,"minInstances":null,"maxInstances":10,"ingressSettings":null,"concurrency":null,"serviceAccountEmail":null,"vpc":null,"platform":"gcfv2","labels":{},"httpsTrigger":{},"entryPoint":"api"}},"specVersion":"v1alpha1","requiredAPIs":[]}
[debug] [2024-06-15T03:42:31.479Z] [functions] Loaded functions definitions from source: api.
[debug] [2024-06-15T03:42:31.480Z] [functions[us-central1-api]] http function initialized (http://127.0.0.1:5000/clone-201bf/us-central1/api).
[info] i  functions: Loaded functions: api 
[warn] !  functions: The following emulators are not running, calls to these services will affect production: firestore, database, pubsub, storage, eventarc 
